app/build/intermediates/manifest_merge_blame_file/debug/manifest-merger-blame-debug-report.txt
1<?xml version="1.0" encoding="utf-8"?>
2<manifest xmlns:android="http://schemas.android.com/apk/res/android"
3    package="com.example.express"
4    android:versionCode="1"
5    android:versionName="1.0" >
6
7    <uses-sdk
8        android:minSdkVersion="21"
8-->src\main\AndroidManifest.xml
9        android:targetSdkVersion="30" />
9-->src\main\AndroidManifest.xml
10
11    <uses-permission android:name="android.permission.INTERNET" />
11-->src\main\AndroidManifest.xml:5:5-67
11-->src\main\AndroidManifest.xml:5:22-64
12    <uses-permission android:name="android.permission.WRITE_EXTERNAL_STORAGE" />
12-->src\main\AndroidManifest.xml:6:5-81
12-->src\main\AndroidManifest.xml:6:22-78
13    <uses-permission android:name="android.permission.READ_EXTERNAL_STORAGE" />
13-->src\main\AndroidManifest.xml:7:5-80
13-->src\main\AndroidManifest.xml:7:22-77
14
15    <!-- Although the *SdkVersion is captured in gradle build files, this is required for non gradle builds -->
16    <!-- <uses-sdk android:minSdkVersion="14"/> -->
17    <uses-permission android:name="android.permission.ACCESS_NETWORK_STATE" />
17-->[com.google.firebase:firebase-database:19.5.0] AndroidManifest.xml:25:5-79
17-->[com.google.firebase:firebase-database:19.5.0] AndroidManifest.xml:25:22-76
18    <uses-permission android:name="android.permission.WAKE_LOCK" />
18-->[com.google.android.gms:play-services-measurement-api:17.5.0] AndroidManifest.xml:24:5-68
18-->[com.google.android.gms:play-services-measurement-api:17.5.0] AndroidManifest.xml:24:22-65
19    <uses-permission android:name="com.google.android.finsky.permission.BIND_GET_INSTALL_REFERRER_SERVICE" />
19-->[com.google.android.gms:play-services-measurement:17.5.0] AndroidManifest.xml:26:5-110
19-->[com.google.android.gms:play-services-measurement:17.5.0] AndroidManifest.xml:26:22-107
20
21    <application
21-->src\main\AndroidManifest.xml:9:5-45:19
22        android:allowBackup="true"
22-->src\main\AndroidManifest.xml:10:9-35
23        android:appComponentFactory="androidx.core.app.CoreComponentFactory"
23-->[androidx.core:core:1.2.0] AndroidManifest.xml:24:18-86
24        android:debuggable="true"
25        android:icon="@mipmap/ic_logo_express"
25-->src\main\AndroidManifest.xml:11:9-47
26        android:label="@string/app_name"
26-->src\main\AndroidManifest.xml:12:9-41
27        android:roundIcon="@mipmap/ic_logo_express_round"
27-->src\main\AndroidManifest.xml:13:9-58
28        android:supportsRtl="true"
28-->src\main\AndroidManifest.xml:14:9-35
29        android:testOnly="true"
30        android:theme="@style/AppTheme" >
30-->src\main\AndroidManifest.xml:15:9-40
31        <activity
31-->src\main\AndroidManifest.xml:16:9-17:71
32            android:name="com.example.express.ActivityEditarFoto"
32-->src\main\AndroidManifest.xml:16:19-53
33            android:parentActivityName="com.example.express.MiPerfilActivity" />
33-->src\main\AndroidManifest.xml:17:13-59
34        <activity android:name="com.example.express.ActivityBuscarProfesionista" />
34-->src\main\AndroidManifest.xml:18:9-65
34-->src\main\AndroidManifest.xml:18:19-62
35        <activity
35-->src\main\AndroidManifest.xml:19:9-21:60
36            android:name="com.example.express.MostrarUsuarioActivity"
36-->src\main\AndroidManifest.xml:20:13-51
37            android:parentActivityName="com.example.express.InicioActivity" />
37-->src\main\AndroidManifest.xml:21:13-57
38        <activity android:name="com.example.express.SubirImagenActivity" />
38-->src\main\AndroidManifest.xml:22:9-57
38-->src\main\AndroidManifest.xml:22:19-54
39        <activity android:name="com.example.express.ContactosActivity" />
39-->src\main\AndroidManifest.xml:23:9-55
39-->src\main\AndroidManifest.xml:23:19-52
40        <activity android:name="com.example.express.MiPerfilActivity" />
40-->src\main\AndroidManifest.xml:24:9-54
40-->src\main\AndroidManifest.xml:24:19-51
41        <activity
41-->src\main\AndroidManifest.xml:25:9-27:64
42            android:name="com.example.express.SolicitarServicioActivity"
42-->src\main\AndroidManifest.xml:26:13-54
43            android:parentActivityName="com.example.express.BienvenidaActivity" />
43-->src\main\AndroidManifest.xml:27:13-61
44        <activity android:name="com.example.express.OfrecerServicio2Activity" />
44-->src\main\AndroidManifest.xml:28:9-62
44-->src\main\AndroidManifest.xml:28:19-59
45        <activity
45-->src\main\AndroidManifest.xml:29:9-31:64
46            android:name="com.example.express.OfrecerServicioActivity"
46-->src\main\AndroidManifest.xml:30:13-52
47            android:parentActivityName="com.example.express.BienvenidaActivity" />
47-->src\main\AndroidManifest.xml:31:13-61
48        <activity android:name="com.example.express.BienvenidaActivity" />
48-->src\main\AndroidManifest.xml:32:9-56
48-->src\main\AndroidManifest.xml:32:19-53
49        <activity android:name="com.example.express.InicioActivity" />
49-->src\main\AndroidManifest.xml:33:9-52
49-->src\main\AndroidManifest.xml:33:19-49
50        <activity android:name="com.example.express.InicioSesionExitoso" />
50-->src\main\AndroidManifest.xml:34:9-57
50-->src\main\AndroidManifest.xml:34:19-54
51        <activity
51-->src\main\AndroidManifest.xml:35:9-37:58
52            android:name="com.example.express.RegistrarseActivity"
52-->src\main\AndroidManifest.xml:36:13-48
53            android:parentActivityName="com.example.express.MainActivity" />
53-->src\main\AndroidManifest.xml:37:13-55
54        <activity android:name="com.example.express.MainActivity" >
54-->src\main\AndroidManifest.xml:38:9-44:20
54-->src\main\AndroidManifest.xml:38:19-47
55            <intent-filter>
55-->src\main\AndroidManifest.xml:39:13-43:29
56                <action android:name="android.intent.action.MAIN" />
56-->src\main\AndroidManifest.xml:40:17-69
56-->src\main\AndroidManifest.xml:40:25-66
57
58                <category android:name="android.intent.category.LAUNCHER" />
58-->src\main\AndroidManifest.xml:42:17-77
58-->src\main\AndroidManifest.xml:42:27-74
59            </intent-filter>
60        </activity>
61
62        <service
62-->[com.google.firebase:firebase-database:19.5.0] AndroidManifest.xml:29:9-35:19
63            android:name="com.google.firebase.components.ComponentDiscoveryService"
63-->[com.google.firebase:firebase-database:19.5.0] AndroidManifest.xml:30:13-84
64            android:directBootAware="true"
64-->[com.google.firebase:firebase-common:19.3.1] AndroidManifest.xml:35:13-43
65            android:exported="false" >
65-->[com.google.firebase:firebase-database:19.5.0] AndroidManifest.xml:31:13-37
66            <meta-data
66-->[com.google.firebase:firebase-database:19.5.0] AndroidManifest.xml:32:13-34:85
67                android:name="com.google.firebase.components:com.google.firebase.database.DatabaseRegistrar"
67-->[com.google.firebase:firebase-database:19.5.0] AndroidManifest.xml:33:17-109
68                android:value="com.google.firebase.components.ComponentRegistrar" />
68-->[com.google.firebase:firebase-database:19.5.0] AndroidManifest.xml:34:17-82
69            <meta-data
69-->[com.google.firebase:firebase-storage:19.2.0] AndroidManifest.xml:33:13-35:85
70                android:name="com.google.firebase.components:com.google.firebase.storage.StorageRegistrar"
70-->[com.google.firebase:firebase-storage:19.2.0] AndroidManifest.xml:34:17-107
71                android:value="com.google.firebase.components.ComponentRegistrar" />
71-->[com.google.firebase:firebase-storage:19.2.0] AndroidManifest.xml:35:17-82
72            <meta-data
72-->[com.google.firebase:firebase-auth:19.3.2] AndroidManifest.xml:36:13-38:85
73                android:name="com.google.firebase.components:com.google.firebase.auth.FirebaseAuthRegistrar"
73-->[com.google.firebase:firebase-auth:19.3.2] AndroidManifest.xml:37:17-109
74                android:value="com.google.firebase.components.ComponentRegistrar" />
74-->[com.google.firebase:firebase-auth:19.3.2] AndroidManifest.xml:38:17-82
75            <meta-data
75-->[com.google.android.gms:play-services-measurement-api:17.5.0] AndroidManifest.xml:30:13-32:85
76                android:name="com.google.firebase.components:com.google.firebase.analytics.connector.internal.AnalyticsConnectorRegistrar"
76-->[com.google.android.gms:play-services-measurement-api:17.5.0] AndroidManifest.xml:31:17-139
77                android:value="com.google.firebase.components.ComponentRegistrar" />
77-->[com.google.android.gms:play-services-measurement-api:17.5.0] AndroidManifest.xml:32:17-82
78            <meta-data
78-->[com.google.firebase:firebase-installations:16.3.2] AndroidManifest.xml:17:13-19:85
79                android:name="com.google.firebase.components:com.google.firebase.installations.FirebaseInstallationsRegistrar"
79-->[com.google.firebase:firebase-installations:16.3.2] AndroidManifest.xml:18:17-127
80                android:value="com.google.firebase.components.ComponentRegistrar" />
80-->[com.google.firebase:firebase-installations:16.3.2] AndroidManifest.xml:19:17-82
81        </service>
82
83        <activity
83-->[com.google.android.gms:play-services-auth:18.1.0] AndroidManifest.xml:23:9-27:75
84            android:name="com.google.android.gms.auth.api.signin.internal.SignInHubActivity"
84-->[com.google.android.gms:play-services-auth:18.1.0] AndroidManifest.xml:24:13-93
85            android:excludeFromRecents="true"
85-->[com.google.android.gms:play-services-auth:18.1.0] AndroidManifest.xml:25:13-46
86            android:exported="false"
86-->[com.google.android.gms:play-services-auth:18.1.0] AndroidManifest.xml:26:13-37
87            android:theme="@android:style/Theme.Translucent.NoTitleBar" />
87-->[com.google.android.gms:play-services-auth:18.1.0] AndroidManifest.xml:27:13-72
88        <!--
89            Service handling Google Sign-In user revocation. For apps that do not integrate with
90            Google Sign-In, this service will never be started.
91        -->
92        <service
92-->[com.google.android.gms:play-services-auth:18.1.0] AndroidManifest.xml:33:9-37:51
93            android:name="com.google.android.gms.auth.api.signin.RevocationBoundService"
93-->[com.google.android.gms:play-services-auth:18.1.0] AndroidManifest.xml:34:13-89
94            android:exported="true"
94-->[com.google.android.gms:play-services-auth:18.1.0] AndroidManifest.xml:35:13-36
95            android:permission="com.google.android.gms.auth.api.signin.permission.REVOCATION_NOTIFICATION"
95-->[com.google.android.gms:play-services-auth:18.1.0] AndroidManifest.xml:36:13-107
96            android:visibleToInstantApps="true" />
96-->[com.google.android.gms:play-services-auth:18.1.0] AndroidManifest.xml:37:13-48
97
98        <activity
98-->[com.google.firebase:firebase-auth:19.3.2] AndroidManifest.xml:24:9-31:50
99            android:name="com.google.firebase.auth.internal.FederatedSignInActivity"
99-->[com.google.firebase:firebase-auth:19.3.2] AndroidManifest.xml:25:13-85
100            android:excludeFromRecents="true"
100-->[com.google.firebase:firebase-auth:19.3.2] AndroidManifest.xml:26:13-46
101            android:exported="true"
101-->[com.google.firebase:firebase-auth:19.3.2] AndroidManifest.xml:27:13-36
102            android:launchMode="singleTask"
102-->[com.google.firebase:firebase-auth:19.3.2] AndroidManifest.xml:28:13-44
103            android:permission="com.google.firebase.auth.api.gms.permission.LAUNCH_FEDERATED_SIGN_IN"
103-->[com.google.firebase:firebase-auth:19.3.2] AndroidManifest.xml:29:13-102
104            android:theme="@android:style/Theme.Translucent.NoTitleBar" />
104-->[com.google.firebase:firebase-auth:19.3.2] AndroidManifest.xml:30:13-72
105
106        <provider
106-->[com.squareup.picasso:picasso:2.71828] AndroidManifest.xml:8:9-11:40
107            android:name="com.squareup.picasso.PicassoProvider"
107-->[com.squareup.picasso:picasso:2.71828] AndroidManifest.xml:9:13-64
108            android:authorities="com.example.express.com.squareup.picasso"
108-->[com.squareup.picasso:picasso:2.71828] AndroidManifest.xml:10:13-72
109            android:exported="false" />
109-->[com.squareup.picasso:picasso:2.71828] AndroidManifest.xml:11:13-37
110        <provider
110-->[com.google.firebase:firebase-common:19.3.1] AndroidManifest.xml:26:9-31:39
111            android:name="com.google.firebase.provider.FirebaseInitProvider"
111-->[com.google.firebase:firebase-common:19.3.1] AndroidManifest.xml:27:13-77
112            android:authorities="com.example.express.firebaseinitprovider"
112-->[com.google.firebase:firebase-common:19.3.1] AndroidManifest.xml:28:13-72
113            android:directBootAware="true"
113-->[com.google.firebase:firebase-common:19.3.1] AndroidManifest.xml:29:13-43
114            android:exported="false"
114-->[com.google.firebase:firebase-common:19.3.1] AndroidManifest.xml:30:13-37
115            android:initOrder="100" />
115-->[com.google.firebase:firebase-common:19.3.1] AndroidManifest.xml:31:13-36
116
117        <activity
117-->[com.google.android.gms:play-services-base:17.1.0] AndroidManifest.xml:23:9-26:75
118            android:name="com.google.android.gms.common.api.GoogleApiActivity"
118-->[com.google.android.gms:play-services-base:17.1.0] AndroidManifest.xml:24:13-79
119            android:exported="false"
119-->[com.google.android.gms:play-services-base:17.1.0] AndroidManifest.xml:25:13-37
120            android:theme="@android:style/Theme.Translucent.NoTitleBar" />
120-->[com.google.android.gms:play-services-base:17.1.0] AndroidManifest.xml:26:13-72
121
122        <receiver
122-->[com.google.android.gms:play-services-measurement:17.5.0] AndroidManifest.xml:29:9-33:20
123            android:name="com.google.android.gms.measurement.AppMeasurementReceiver"
123-->[com.google.android.gms:play-services-measurement:17.5.0] AndroidManifest.xml:30:13-85
124            android:enabled="true"
124-->[com.google.android.gms:play-services-measurement:17.5.0] AndroidManifest.xml:31:13-35
125            android:exported="false" >
125-->[com.google.android.gms:play-services-measurement:17.5.0] AndroidManifest.xml:32:13-37
126        </receiver>
127
128        <service
128-->[com.google.android.gms:play-services-measurement:17.5.0] AndroidManifest.xml:35:9-38:40
129            android:name="com.google.android.gms.measurement.AppMeasurementService"
129-->[com.google.android.gms:play-services-measurement:17.5.0] AndroidManifest.xml:36:13-84
130            android:enabled="true"
130-->[com.google.android.gms:play-services-measurement:17.5.0] AndroidManifest.xml:37:13-35
131            android:exported="false" />
131-->[com.google.android.gms:play-services-measurement:17.5.0] AndroidManifest.xml:38:13-37
132        <service
132-->[com.google.android.gms:play-services-measurement:17.5.0] AndroidManifest.xml:39:9-43:72
133            android:name="com.google.android.gms.measurement.AppMeasurementJobService"
133-->[com.google.android.gms:play-services-measurement:17.5.0] AndroidManifest.xml:40:13-87
134            android:enabled="true"
134-->[com.google.android.gms:play-services-measurement:17.5.0] AndroidManifest.xml:41:13-35
135            android:exported="false"
135-->[com.google.android.gms:play-services-measurement:17.5.0] AndroidManifest.xml:42:13-37
136            android:permission="android.permission.BIND_JOB_SERVICE" />
136-->[com.google.android.gms:play-services-measurement:17.5.0] AndroidManifest.xml:43:13-69
137
138        <meta-data
138-->[com.google.android.gms:play-services-basement:17.1.1] AndroidManifest.xml:23:9-25:69
139            android:name="com.google.android.gms.version"
139-->[com.google.android.gms:play-services-basement:17.1.1] AndroidManifest.xml:24:13-58
140            android:value="@integer/google_play_services_version" />
140-->[com.google.android.gms:play-services-basement:17.1.1] AndroidManifest.xml:25:13-66
141    </application>
142
143</manifest>